2024-03-30 09:45:47 [backend] [32minfo[39m: [32mUser already exists for id: user_2dZRXmnT3u8KM7WqM7ZyZL0FcLm[39m 
2024-03-30 09:45:48 [backend] [32minfo[39m: [32mUser already exists for id: user_2dZRXmnT3u8KM7WqM7ZyZL0FcLm[39m 
2024-03-30 09:45:48 [backend] [32minfo[39m: [32mUser already exists for id: user_2dZRXmnT3u8KM7WqM7ZyZL0FcLm[39m 
2024-03-30 09:46:54 [backend] [32minfo[39m: [32mUser already exists for id: user_2dZRXmnT3u8KM7WqM7ZyZL0FcLm[39m 
2024-03-30 09:46:54 [backend] [32minfo[39m: [32mUser already exists for id: user_2dZRXmnT3u8KM7WqM7ZyZL0FcLm[39m 
2024-03-30 09:46:55 [backend] [32minfo[39m: [32mUser already exists for id: user_2dZRXmnT3u8KM7WqM7ZyZL0FcLm[39m 
2024-03-30 09:47:30 [backend] [32minfo[39m: [32mUser already exists for id: user_2dZRXmnT3u8KM7WqM7ZyZL0FcLm[39m 
2024-03-30 09:47:30 [backend] [32minfo[39m: [32mUser already exists for id: user_2dZRXmnT3u8KM7WqM7ZyZL0FcLm[39m 
2024-03-30 09:47:31 [backend] [32minfo[39m: [32mUser already exists for id: user_2dZRXmnT3u8KM7WqM7ZyZL0FcLm[39m 
2024-03-30 09:47:31 [backend] [32minfo[39m: [32mUser already exists for id: user_2dZRXmnT3u8KM7WqM7ZyZL0FcLm[39m 
2024-03-30 09:47:35 [backend] [32minfo[39m: [32mUser already exists for id: user_2dZRXmnT3u8KM7WqM7ZyZL0FcLm[39m 
2024-03-30 09:47:35 [backend] [32minfo[39m: [32mUser already exists for id: user_2dZRXmnT3u8KM7WqM7ZyZL0FcLm[39m 
2024-03-30 09:48:26 [backend] [32minfo[39m: [32mUser already exists for id: user_2dZRXmnT3u8KM7WqM7ZyZL0FcLm[39m 
2024-03-30 09:48:27 [backend] [32minfo[39m: [32mUser already exists for id: user_2dZRXmnT3u8KM7WqM7ZyZL0FcLm[39m 
2024-03-30 09:48:38 [backend] [32minfo[39m: [32mUser already exists for id: user_2dZRXmnT3u8KM7WqM7ZyZL0FcLm[39m 
2024-03-30 09:48:41 [backend] [32minfo[39m: [32mUser already exists for id: user_2dZRXmnT3u8KM7WqM7ZyZL0FcLm[39m 
2024-03-30 09:48:43 [backend] [32minfo[39m: [32mUser already exists for id: user_2dZRXmnT3u8KM7WqM7ZyZL0FcLm[39m 
2024-03-30 09:49:01 [backend] [32minfo[39m: [32mUser already exists for id: user_2dZRXmnT3u8KM7WqM7ZyZL0FcLm[39m 
2024-03-30 09:49:02 [backend] [32minfo[39m: [32mUser already exists for id: user_2dZRXmnT3u8KM7WqM7ZyZL0FcLm[39m 
2024-03-30 09:49:08 [backend] [32minfo[39m: [32mUser already exists for id: user_2dZRXmnT3u8KM7WqM7ZyZL0FcLm[39m 
2024-03-30 09:49:08 [backend] [32minfo[39m: [32mUser already exists for id: user_2dZRXmnT3u8KM7WqM7ZyZL0FcLm[39m 
2024-03-30 09:49:14 [backend] [32minfo[39m: [32mUser already exists for id: user_2dZRXmnT3u8KM7WqM7ZyZL0FcLm[39m 
2024-03-30 09:49:15 [backend] [32minfo[39m: [32mUser already exists for id: user_2dZRXmnT3u8KM7WqM7ZyZL0FcLm[39m 
2024-03-30 09:49:15 [backend] [32minfo[39m: [32mUser already exists for id: user_2dZRXmnT3u8KM7WqM7ZyZL0FcLm[39m 
2024-03-30 09:49:23 [backend] [32minfo[39m: [32mUser already exists for id: user_2dZRXmnT3u8KM7WqM7ZyZL0FcLm[39m 
2024-03-30 09:49:23 [backend] [32minfo[39m: [32mUser already exists for id: user_2dZRXmnT3u8KM7WqM7ZyZL0FcLm[39m 
2024-03-30 09:54:31 [backend] [32minfo[39m: [32mUser already exists for id: user_2dZRXmnT3u8KM7WqM7ZyZL0FcLm[39m 
2024-03-30 09:54:32 [backend] [32minfo[39m: [32mUser already exists for id: user_2dZRXmnT3u8KM7WqM7ZyZL0FcLm[39m 
2024-03-30 09:54:32 [backend] [32minfo[39m: [32mUser already exists for id: user_2dZRXmnT3u8KM7WqM7ZyZL0FcLm[39m 
2024-03-30 09:57:26 [backend] [32minfo[39m: [32mUser already exists for id: user_2dZRXmnT3u8KM7WqM7ZyZL0FcLm[39m 
2024-03-30 09:57:27 [backend] [32minfo[39m: [32mUser already exists for id: user_2dZRXmnT3u8KM7WqM7ZyZL0FcLm[39m 
2024-03-30 09:57:27 [backend] [32minfo[39m: [32mUser already exists for id: user_2dZRXmnT3u8KM7WqM7ZyZL0FcLm[39m 
2024-03-30 10:01:12 [backend] [32minfo[39m: [32mUser already exists for id: user_2dZRXmnT3u8KM7WqM7ZyZL0FcLm[39m 
2024-03-30 10:01:12 [backend] [32minfo[39m: [32mUser already exists for id: user_2dZRXmnT3u8KM7WqM7ZyZL0FcLm[39m 
2024-03-30 10:01:13 [backend] [32minfo[39m: [32mUser already exists for id: user_2dZRXmnT3u8KM7WqM7ZyZL0FcLm[39m 
2024-03-30 10:02:48 [backend] [32minfo[39m: [32mUser already exists for id: user_2dZRXmnT3u8KM7WqM7ZyZL0FcLm[39m 
2024-03-30 10:02:59 [backend] [32minfo[39m: [32mUser already exists for id: user_2dZRXmnT3u8KM7WqM7ZyZL0FcLm[39m 
2024-03-30 10:03:30 [backend] [32minfo[39m: [32mUser already exists for id: user_2dZRXmnT3u8KM7WqM7ZyZL0FcLm[39m 
2024-03-30 10:03:30 [backend] [32minfo[39m: [32mUser already exists for id: user_2dZRXmnT3u8KM7WqM7ZyZL0FcLm[39m 
2024-03-30 10:03:31 [backend] [32minfo[39m: [32mUser already exists for id: user_2dZRXmnT3u8KM7WqM7ZyZL0FcLm[39m 
2024-03-30 10:04:51 [backend] [32minfo[39m: [32mUser already exists for id: user_2dZRXmnT3u8KM7WqM7ZyZL0FcLm[39m 
2024-03-30 10:05:02 [backend] [32minfo[39m: [32mUser already exists for id: user_2dZRXmnT3u8KM7WqM7ZyZL0FcLm[39m 
2024-03-30 10:05:17 [backend] [32minfo[39m: [32mUser already exists for id: user_2dZRXmnT3u8KM7WqM7ZyZL0FcLm[39m 
2024-03-30 10:05:20 [backend] [32minfo[39m: [32mUser already exists for id: user_2dZRXmnT3u8KM7WqM7ZyZL0FcLm[39m 
2024-03-30 10:06:39 [backend] [32minfo[39m: [32mUser already exists for id: user_2dZRXmnT3u8KM7WqM7ZyZL0FcLm[39m 
2024-03-30 10:06:40 [backend] [32minfo[39m: [32mUser already exists for id: user_2dZRXmnT3u8KM7WqM7ZyZL0FcLm[39m 
2024-03-30 10:06:50 [backend] [32minfo[39m: [32mUser already exists for id: user_2dZRXmnT3u8KM7WqM7ZyZL0FcLm[39m 
2024-03-30 10:07:02 [backend] [32minfo[39m: [32mUser already exists for id: user_2dZRXmnT3u8KM7WqM7ZyZL0FcLm[39m 
2024-03-30 10:07:33 [backend] [32minfo[39m: [32mUser already exists for id: user_2dZRXmnT3u8KM7WqM7ZyZL0FcLm[39m 
2024-03-30 10:07:58 [backend] [32minfo[39m: [32mUser already exists for id: user_2dZRXmnT3u8KM7WqM7ZyZL0FcLm[39m 
2024-03-30 10:07:58 [backend] [32minfo[39m: [32mUser already exists for id: user_2dZRXmnT3u8KM7WqM7ZyZL0FcLm[39m 
2024-03-30 10:07:59 [backend] [32minfo[39m: [32mUser already exists for id: user_2dZRXmnT3u8KM7WqM7ZyZL0FcLm[39m 
2024-03-30 10:08:21 [backend] [32minfo[39m: [32mUser already exists for id: user_2dZRXmnT3u8KM7WqM7ZyZL0FcLm[39m 
2024-03-30 10:08:21 [backend] [32minfo[39m: [32mUser already exists for id: user_2dZRXmnT3u8KM7WqM7ZyZL0FcLm[39m 
2024-03-30 10:08:21 [backend] [32minfo[39m: [32mUser already exists for id: user_2dZRXmnT3u8KM7WqM7ZyZL0FcLm[39m 
2024-03-30 10:08:42 [backend] [32minfo[39m: [32mUser already exists for id: user_2dZRXmnT3u8KM7WqM7ZyZL0FcLm[39m 
2024-03-30 10:08:45 [backend] [32minfo[39m: [32mUser already exists for id: user_2dZRXmnT3u8KM7WqM7ZyZL0FcLm[39m 
2024-03-30 10:08:45 [backend] [32minfo[39m: [32mUser already exists for id: user_2dZRXmnT3u8KM7WqM7ZyZL0FcLm[39m 
2024-03-30 10:08:46 [backend] [32minfo[39m: [32mUser already exists for id: user_2dZRXmnT3u8KM7WqM7ZyZL0FcLm[39m 
2024-03-30 10:08:56 [backend] [32minfo[39m: [32mUser already exists for id: user_2dZRXmnT3u8KM7WqM7ZyZL0FcLm[39m 
2024-03-30 10:09:20 [backend] [32minfo[39m: [32mUser already exists for id: user_2dZRXmnT3u8KM7WqM7ZyZL0FcLm[39m 
2024-03-30 10:10:09 [backend] [32minfo[39m: [32mUser already exists for id: user_2dZRXmnT3u8KM7WqM7ZyZL0FcLm[39m 
2024-03-30 10:10:41 [backend] [32minfo[39m: [32mUser already exists for id: user_2dZRXmnT3u8KM7WqM7ZyZL0FcLm[39m 
2024-03-30 10:11:55 [backend] [32minfo[39m: [32mUser already exists for id: user_2dZRXmnT3u8KM7WqM7ZyZL0FcLm[39m 
2024-03-30 10:11:55 [backend] [32minfo[39m: [32mUser already exists for id: user_2dZRXmnT3u8KM7WqM7ZyZL0FcLm[39m 
2024-03-30 10:11:56 [backend] [32minfo[39m: [32mUser already exists for id: user_2dZRXmnT3u8KM7WqM7ZyZL0FcLm[39m 
2024-03-30 10:11:56 [backend] [32minfo[39m: [32mUser already exists for id: user_2dZRXmnT3u8KM7WqM7ZyZL0FcLm[39m 
2024-03-30 10:12:05 [backend] [32minfo[39m: [32mUser already exists for id: user_2dZRXmnT3u8KM7WqM7ZyZL0FcLm[39m 
2024-03-30 10:12:15 [backend] [32minfo[39m: [32mUser already exists for id: user_2dZRXmnT3u8KM7WqM7ZyZL0FcLm[39m 
2024-03-30 10:15:18 [backend] [32minfo[39m: [32mUser already exists for id: user_2dZRXmnT3u8KM7WqM7ZyZL0FcLm[39m 
2024-03-30 10:15:18 [backend] [32minfo[39m: [32mUser already exists for id: user_2dZRXmnT3u8KM7WqM7ZyZL0FcLm[39m 
2024-03-30 10:15:19 [backend] [32minfo[39m: [32mUser already exists for id: user_2dZRXmnT3u8KM7WqM7ZyZL0FcLm[39m 
2024-03-30 10:15:19 [backend] [32minfo[39m: [32mUser already exists for id: user_2dZRXmnT3u8KM7WqM7ZyZL0FcLm[39m 
2024-03-30 10:16:30 [backend] [32minfo[39m: [32mUser already exists for id: user_2dZRXmnT3u8KM7WqM7ZyZL0FcLm[39m 
2024-03-30 10:16:30 [backend] [32minfo[39m: [32mUser already exists for id: user_2dZRXmnT3u8KM7WqM7ZyZL0FcLm[39m 
2024-03-30 10:16:31 [backend] [32minfo[39m: [32mUser already exists for id: user_2dZRXmnT3u8KM7WqM7ZyZL0FcLm[39m 
2024-03-30 12:19:08 [backend] [32minfo[39m: [32mUser already exists for id: user_2dZRXmnT3u8KM7WqM7ZyZL0FcLm[39m 
2024-03-30 12:19:09 [backend] [32minfo[39m: [32mUser already exists for id: user_2dZRXmnT3u8KM7WqM7ZyZL0FcLm[39m 
2024-03-30 12:19:12 [backend] [32minfo[39m: [32mUser already exists for id: user_2dZRXmnT3u8KM7WqM7ZyZL0FcLm[39m 
2024-03-30 12:19:13 [backend] [32minfo[39m: [32mUser already exists for id: user_2dZRXmnT3u8KM7WqM7ZyZL0FcLm[39m 
2024-03-30 12:19:13 [backend] [32minfo[39m: [32mUser already exists for id: user_2dZRXmnT3u8KM7WqM7ZyZL0FcLm[39m 
2024-03-30 12:24:07 [backend] [32minfo[39m: [32mUser already exists for id: user_2dZRXmnT3u8KM7WqM7ZyZL0FcLm[39m 
2024-03-30 12:24:08 [backend] [32minfo[39m: [32mUser already exists for id: user_2dZRXmnT3u8KM7WqM7ZyZL0FcLm[39m 
2024-03-30 12:24:08 [backend] [32minfo[39m: [32mUser already exists for id: user_2dZRXmnT3u8KM7WqM7ZyZL0FcLm[39m 
2024-03-30 12:24:36 [backend] [32minfo[39m: [32mUser already exists for id: user_2dZRXmnT3u8KM7WqM7ZyZL0FcLm[39m 
2024-03-30 12:24:36 [backend] [32minfo[39m: [32mUser already exists for id: user_2dZRXmnT3u8KM7WqM7ZyZL0FcLm[39m 
2024-03-30 12:24:37 [backend] [32minfo[39m: [32mUser already exists for id: user_2dZRXmnT3u8KM7WqM7ZyZL0FcLm[39m 
2024-03-30 12:25:21 [backend] [32minfo[39m: [32mUser already exists for id: user_2dZRXmnT3u8KM7WqM7ZyZL0FcLm[39m 
2024-03-30 12:25:21 [backend] [32minfo[39m: [32mUser already exists for id: user_2dZRXmnT3u8KM7WqM7ZyZL0FcLm[39m 
2024-03-30 12:25:22 [backend] [32minfo[39m: [32mUser already exists for id: user_2dZRXmnT3u8KM7WqM7ZyZL0FcLm[39m 
2024-03-30 12:26:54 [backend] [32minfo[39m: [32mUser already exists for id: user_2dZRXmnT3u8KM7WqM7ZyZL0FcLm[39m 
2024-03-30 12:26:55 [backend] [32minfo[39m: [32mUser already exists for id: user_2dZRXmnT3u8KM7WqM7ZyZL0FcLm[39m 
2024-03-30 12:26:55 [backend] [32minfo[39m: [32mUser already exists for id: user_2dZRXmnT3u8KM7WqM7ZyZL0FcLm[39m 
2024-03-30 12:28:18 [backend] [32minfo[39m: [32mUser already exists for id: user_2dZRXmnT3u8KM7WqM7ZyZL0FcLm[39m 
2024-03-30 12:28:18 [backend] [32minfo[39m: [32mUser already exists for id: user_2dZRXmnT3u8KM7WqM7ZyZL0FcLm[39m 
2024-03-30 12:28:19 [backend] [32minfo[39m: [32mUser already exists for id: user_2dZRXmnT3u8KM7WqM7ZyZL0FcLm[39m 
2024-03-30 12:28:46 [backend] [32minfo[39m: [32mUser already exists for id: user_2dZRXmnT3u8KM7WqM7ZyZL0FcLm[39m 
2024-03-30 12:28:51 [backend] [32minfo[39m: [32mUser already exists for id: user_2dZRXmnT3u8KM7WqM7ZyZL0FcLm[39m 
2024-03-30 12:29:00 [backend] [32minfo[39m: [32mUser already exists for id: user_2dZRXmnT3u8KM7WqM7ZyZL0FcLm[39m 
2024-03-30 12:29:00 [backend] [32minfo[39m: [32mUser already exists for id: user_2dZRXmnT3u8KM7WqM7ZyZL0FcLm[39m 
2024-03-30 12:29:01 [backend] [32minfo[39m: [32mUser already exists for id: user_2dZRXmnT3u8KM7WqM7ZyZL0FcLm[39m 
2024-03-30 12:29:51 [backend] [32minfo[39m: [32mUser already exists for id: user_2dZRXmnT3u8KM7WqM7ZyZL0FcLm[39m 
2024-03-30 12:29:51 [backend] [32minfo[39m: [32mUser already exists for id: user_2dZRXmnT3u8KM7WqM7ZyZL0FcLm[39m 
2024-03-30 12:29:52 [backend] [32minfo[39m: [32mUser already exists for id: user_2dZRXmnT3u8KM7WqM7ZyZL0FcLm[39m 
2024-03-30 12:30:17 [backend] [32minfo[39m: [32mUser already exists for id: user_2dZRXmnT3u8KM7WqM7ZyZL0FcLm[39m 
2024-03-30 12:30:18 [backend] [32minfo[39m: [32mUser already exists for id: user_2dZRXmnT3u8KM7WqM7ZyZL0FcLm[39m 
2024-03-30 12:30:25 [backend] [32minfo[39m: [32mUser already exists for id: user_2dZRXmnT3u8KM7WqM7ZyZL0FcLm[39m 
2024-03-30 12:30:25 [backend] [32minfo[39m: [32mUser already exists for id: user_2dZRXmnT3u8KM7WqM7ZyZL0FcLm[39m 
2024-03-30 12:30:26 [backend] [32minfo[39m: [32mUser already exists for id: user_2dZRXmnT3u8KM7WqM7ZyZL0FcLm[39m 
2024-03-30 12:31:01 [backend] [32minfo[39m: [32mUser already exists for id: user_2dZRXmnT3u8KM7WqM7ZyZL0FcLm[39m 
2024-03-30 12:31:01 [backend] [32minfo[39m: [32mUser already exists for id: user_2dZRXmnT3u8KM7WqM7ZyZL0FcLm[39m 
2024-03-30 12:31:02 [backend] [32minfo[39m: [32mUser already exists for id: user_2dZRXmnT3u8KM7WqM7ZyZL0FcLm[39m 
2024-03-30 12:31:27 [backend] [32minfo[39m: [32mUser already exists for id: user_2dZRXmnT3u8KM7WqM7ZyZL0FcLm[39m 
2024-03-30 12:31:28 [backend] [32minfo[39m: [32mUser already exists for id: user_2dZRXmnT3u8KM7WqM7ZyZL0FcLm[39m 
2024-03-30 12:31:29 [backend] [32minfo[39m: [32mUser already exists for id: user_2dZRXmnT3u8KM7WqM7ZyZL0FcLm[39m 
2024-03-30 12:31:42 [backend] [32minfo[39m: [32mUser already exists for id: user_2dZRXmnT3u8KM7WqM7ZyZL0FcLm[39m 
2024-03-30 12:31:44 [backend] [32minfo[39m: [32mUser already exists for id: user_2dZRXmnT3u8KM7WqM7ZyZL0FcLm[39m 
2024-03-30 12:31:46 [backend] [32minfo[39m: [32mUser already exists for id: user_2dZRXmnT3u8KM7WqM7ZyZL0FcLm[39m 
2024-03-30 12:31:47 [backend] [32minfo[39m: [32mUser already exists for id: user_2dZRXmnT3u8KM7WqM7ZyZL0FcLm[39m 
2024-03-30 12:31:47 [backend] [32minfo[39m: [32mUser already exists for id: user_2dZRXmnT3u8KM7WqM7ZyZL0FcLm[39m 
2024-03-30 12:32:09 [backend] [32minfo[39m: [32mUser already exists for id: user_2dZRXmnT3u8KM7WqM7ZyZL0FcLm[39m 
2024-03-30 12:32:10 [backend] [32minfo[39m: [32mUser already exists for id: user_2dZRXmnT3u8KM7WqM7ZyZL0FcLm[39m 
2024-03-30 12:32:10 [backend] [32minfo[39m: [32mUser already exists for id: user_2dZRXmnT3u8KM7WqM7ZyZL0FcLm[39m 
2024-03-30 12:32:23 [backend] [32minfo[39m: [32mUser already exists for id: user_2dZRXmnT3u8KM7WqM7ZyZL0FcLm[39m 
2024-03-30 12:32:24 [backend] [32minfo[39m: [32mUser already exists for id: user_2dZRXmnT3u8KM7WqM7ZyZL0FcLm[39m 
2024-03-30 12:32:24 [backend] [32minfo[39m: [32mUser already exists for id: user_2dZRXmnT3u8KM7WqM7ZyZL0FcLm[39m 
2024-03-30 13:06:46 [backend] [32minfo[39m: [32mUser already exists for id: user_2dZRXmnT3u8KM7WqM7ZyZL0FcLm[39m 
2024-03-30 13:06:46 [backend] [32minfo[39m: [32mUser already exists for id: user_2dZRXmnT3u8KM7WqM7ZyZL0FcLm[39m 
2024-03-30 13:06:47 [backend] [32minfo[39m: [32mUser already exists for id: user_2dZRXmnT3u8KM7WqM7ZyZL0FcLm[39m 
2024-03-30 13:08:09 [backend] [32minfo[39m: [32mUser already exists for id: user_2dZRXmnT3u8KM7WqM7ZyZL0FcLm[39m 
2024-03-30 13:11:51 [backend] [32minfo[39m: [32mUser already exists for id: user_2dZRXmnT3u8KM7WqM7ZyZL0FcLm[39m 
2024-03-30 13:41:47 [backend] [32minfo[39m: [32mUser already exists for id: user_2dZRXmnT3u8KM7WqM7ZyZL0FcLm[39m 
2024-03-30 13:41:48 [backend] [32minfo[39m: [32mUser already exists for id: user_2dZRXmnT3u8KM7WqM7ZyZL0FcLm[39m 
2024-03-30 13:41:48 [backend] [32minfo[39m: [32mUser already exists for id: user_2dZRXmnT3u8KM7WqM7ZyZL0FcLm[39m 
2024-03-30 13:41:49 [backend] [32minfo[39m: [32mUser already exists for id: user_2dZRXmnT3u8KM7WqM7ZyZL0FcLm[39m 
2024-03-30 13:42:26 [backend] [32minfo[39m: [32mUser already exists for id: user_2dZRXmnT3u8KM7WqM7ZyZL0FcLm[39m 
2024-03-30 13:42:26 [backend] [32minfo[39m: [32mUser already exists for id: user_2dZRXmnT3u8KM7WqM7ZyZL0FcLm[39m 
2024-03-30 13:42:27 [backend] [32minfo[39m: [32mUser already exists for id: user_2dZRXmnT3u8KM7WqM7ZyZL0FcLm[39m 
2024-03-30 13:42:49 [backend] [32minfo[39m: [32mUser already exists for id: user_2dZRXmnT3u8KM7WqM7ZyZL0FcLm[39m 
2024-03-30 13:42:50 [backend] [32minfo[39m: [32mUser already exists for id: user_2dZRXmnT3u8KM7WqM7ZyZL0FcLm[39m 
2024-03-30 13:42:50 [backend] [32minfo[39m: [32mUser already exists for id: user_2dZRXmnT3u8KM7WqM7ZyZL0FcLm[39m 
2024-03-30 13:43:01 [backend] [32minfo[39m: [32mUser already exists for id: user_2dZRXmnT3u8KM7WqM7ZyZL0FcLm[39m 
2024-03-30 13:43:02 [backend] [32minfo[39m: [32mUser already exists for id: user_2dZRXmnT3u8KM7WqM7ZyZL0FcLm[39m 
2024-03-30 13:43:02 [backend] [32minfo[39m: [32mUser already exists for id: user_2dZRXmnT3u8KM7WqM7ZyZL0FcLm[39m 
2024-03-30 13:43:11 [backend] [32minfo[39m: [32mUser already exists for id: user_2dZRXmnT3u8KM7WqM7ZyZL0FcLm[39m 
2024-03-30 13:43:12 [backend] [32minfo[39m: [32mUser already exists for id: user_2dZRXmnT3u8KM7WqM7ZyZL0FcLm[39m 
2024-03-30 13:43:12 [backend] [32minfo[39m: [32mUser already exists for id: user_2dZRXmnT3u8KM7WqM7ZyZL0FcLm[39m 
2024-03-30 13:44:05 [backend] [32minfo[39m: [32mUser already exists for id: user_2dZRXmnT3u8KM7WqM7ZyZL0FcLm[39m 
2024-03-30 13:44:20 [backend] [32minfo[39m: [32mUser already exists for id: user_2dZRXmnT3u8KM7WqM7ZyZL0FcLm[39m 
2024-03-30 13:44:23 [backend] [32minfo[39m: [32mUser already exists for id: user_2dZRXmnT3u8KM7WqM7ZyZL0FcLm[39m 
2024-03-30 13:44:24 [backend] [32minfo[39m: [32mUser already exists for id: user_2dZRXmnT3u8KM7WqM7ZyZL0FcLm[39m 
2024-03-30 13:44:36 [backend] [31merror[39m: [31mError while fetching contributions[39m 
2024-03-30 13:44:36 [backend] [31merror[39m: [31mError while fetching contributions[39m 
2024-03-30 13:44:36 [backend] [31merror[39m: [31mError while fetching contributions[39m 
2024-03-30 13:44:36 [backend] [31merror[39m: [31mError while fetching contributions[39m 
2024-03-30 13:44:36 [backend] [31merror[39m: [31mError while fetching contributions[39m 
2024-03-30 13:44:36 [backend] [31merror[39m: [31mError while fetching contributions[39m 
2024-03-30 13:44:36 [backend] [31merror[39m: [31mError while fetching contributions[39m 
2024-03-30 13:44:36 [backend] [31merror[39m: [31mError while fetching contributions[39m 
2024-03-30 13:44:36 [backend] [31merror[39m: [31mError while fetching contributions[39m 
2024-03-30 13:44:37 [backend] [32minfo[39m: [32mUser already exists for id: user_2dZRXmnT3u8KM7WqM7ZyZL0FcLm[39m 
2024-03-30 13:44:44 [backend] [31merror[39m: [31mError while fetching contributions[39m 
2024-03-30 13:44:44 [backend] [31merror[39m: [31mError while fetching contributions[39m 
2024-03-30 13:44:44 [backend] [31merror[39m: [31mError while fetching contributions[39m 
2024-03-30 13:44:44 [backend] [31merror[39m: [31mError while fetching contributions[39m 
2024-03-30 13:44:44 [backend] [31merror[39m: [31mError while fetching contributions[39m 
2024-03-30 13:44:44 [backend] [31merror[39m: [31mError while fetching contributions[39m 
2024-03-30 13:44:44 [backend] [31merror[39m: [31mError while fetching contributions[39m 
2024-03-30 13:44:44 [backend] [31merror[39m: [31mError while fetching contributions[39m 
2024-03-30 13:44:44 [backend] [31merror[39m: [31mError while fetching contributions[39m 
2024-03-30 13:44:45 [backend] [32minfo[39m: [32mUser already exists for id: user_2dZRXmnT3u8KM7WqM7ZyZL0FcLm[39m 
2024-03-30 13:44:52 [backend] [31merror[39m: [31mError while fetching contributions[39m 
2024-03-30 13:44:52 [backend] [31merror[39m: [31mError while fetching contributions[39m 
2024-03-30 13:44:52 [backend] [31merror[39m: [31mError while fetching contributions[39m 
2024-03-30 13:44:52 [backend] [31merror[39m: [31mError while fetching contributions[39m 
2024-03-30 13:44:52 [backend] [31merror[39m: [31mError while fetching contributions[39m 
2024-03-30 13:44:52 [backend] [31merror[39m: [31mError while fetching contributions[39m 
2024-03-30 13:44:52 [backend] [31merror[39m: [31mError while fetching contributions[39m 
2024-03-30 13:44:52 [backend] [31merror[39m: [31mError while fetching contributions[39m 
2024-03-30 13:44:52 [backend] [31merror[39m: [31mError while fetching contributions[39m 
2024-03-30 13:44:52 [backend] [32minfo[39m: [32mUser already exists for id: user_2dZRXmnT3u8KM7WqM7ZyZL0FcLm[39m 
2024-03-30 13:45:54 [backend] [31merror[39m: [31mError while fetching contributions[39m 
2024-03-30 13:45:54 [backend] [31merror[39m: [31mError while fetching contributions[39m 
2024-03-30 13:45:54 [backend] [31merror[39m: [31mError while fetching contributions[39m 
2024-03-30 13:45:55 [backend] [31merror[39m: [31mError while fetching contributions[39m 
2024-03-30 13:45:55 [backend] [31merror[39m: [31mError while fetching contributions[39m 
2024-03-30 13:45:55 [backend] [31merror[39m: [31mError while fetching contributions[39m 
2024-03-30 13:45:55 [backend] [31merror[39m: [31mError while fetching contributions[39m 
2024-03-30 13:45:55 [backend] [32minfo[39m: [32mUser already exists for id: user_2dZRXmnT3u8KM7WqM7ZyZL0FcLm[39m 
2024-03-30 13:45:55 [backend] [31merror[39m: [31mError while fetching contributions[39m 
2024-03-30 13:45:55 [backend] [31merror[39m: [31mError while fetching contributions[39m 
2024-03-30 13:46:05 [backend] [32minfo[39m: [32mUser already exists for id: user_2dZRXmnT3u8KM7WqM7ZyZL0FcLm[39m 
2024-03-30 13:46:57 [backend] [32minfo[39m: [32mUser already exists for id: user_2dZRXmnT3u8KM7WqM7ZyZL0FcLm[39m 
2024-03-30 13:47:06 [backend] [32minfo[39m: [32mUser already exists for id: user_2dZRXmnT3u8KM7WqM7ZyZL0FcLm[39m 
2024-03-30 13:48:44 [backend] [32minfo[39m: [32mUser already exists for id: user_2dZRXmnT3u8KM7WqM7ZyZL0FcLm[39m 
2024-03-30 13:49:05 [backend] [32minfo[39m: [32mUser already exists for id: user_2dZRXmnT3u8KM7WqM7ZyZL0FcLm[39m 
2024-03-30 13:49:18 [backend] [32minfo[39m: [32mUser already exists for id: user_2dZRXmnT3u8KM7WqM7ZyZL0FcLm[39m 
2024-03-30 13:49:50 [backend] [32minfo[39m: [32mUser already exists for id: user_2dZRXmnT3u8KM7WqM7ZyZL0FcLm[39m 
2024-03-30 13:50:22 [backend] [32minfo[39m: [32mUser already exists for id: user_2dZRXmnT3u8KM7WqM7ZyZL0FcLm[39m 
2024-03-30 13:50:26 [backend] [31merror[39m: [31mcurrentDayContributionResult is not defined[39m 
2024-03-30 13:52:38 [backend] [32minfo[39m: [32mUser already exists for id: user_2dZRXmnT3u8KM7WqM7ZyZL0FcLm[39m 
2024-03-30 13:52:40 [backend] [32minfo[39m: [32mUser already exists for id: user_2dZRXmnT3u8KM7WqM7ZyZL0FcLm[39m 
2024-03-30 13:52:41 [backend] [32minfo[39m: [32mUser already exists for id: user_2dZRXmnT3u8KM7WqM7ZyZL0FcLm[39m 
2024-03-30 13:52:41 [backend] [32minfo[39m: [32mUser already exists for id: user_2dZRXmnT3u8KM7WqM7ZyZL0FcLm[39m 
2024-03-30 13:52:48 [backend] [32minfo[39m: [32mUser already exists for id: user_2dZRXmnT3u8KM7WqM7ZyZL0FcLm[39m 
2024-03-30 13:53:21 [backend] [32minfo[39m: [32mUser already exists for id: user_2dZRXmnT3u8KM7WqM7ZyZL0FcLm[39m 
2024-03-30 13:53:21 [backend] [32minfo[39m: [32mUser already exists for id: user_2dZRXmnT3u8KM7WqM7ZyZL0FcLm[39m 
2024-03-30 13:53:22 [backend] [32minfo[39m: [32mUser already exists for id: user_2dZRXmnT3u8KM7WqM7ZyZL0FcLm[39m 
2024-03-30 13:53:45 [backend] [32minfo[39m: [32mUser already exists for id: user_2dZRXmnT3u8KM7WqM7ZyZL0FcLm[39m 
2024-03-30 13:53:45 [backend] [32minfo[39m: [32mUser already exists for id: user_2dZRXmnT3u8KM7WqM7ZyZL0FcLm[39m 
2024-03-30 13:53:46 [backend] [32minfo[39m: [32mUser already exists for id: user_2dZRXmnT3u8KM7WqM7ZyZL0FcLm[39m 
2024-03-30 13:53:46 [backend] [32minfo[39m: [32mUser already exists for id: user_2dZRXmnT3u8KM7WqM7ZyZL0FcLm[39m 
2024-03-30 13:56:32 [backend] [32minfo[39m: [32mUser already exists for id: user_2dZRXmnT3u8KM7WqM7ZyZL0FcLm[39m 
2024-03-30 13:56:34 [backend] [32minfo[39m: [32mUser already exists for id: user_2dZRXmnT3u8KM7WqM7ZyZL0FcLm[39m 
2024-03-30 13:56:34 [backend] [32minfo[39m: [32mUser already exists for id: user_2dZRXmnT3u8KM7WqM7ZyZL0FcLm[39m 
2024-03-30 13:56:35 [backend] [32minfo[39m: [32mUser already exists for id: user_2dZRXmnT3u8KM7WqM7ZyZL0FcLm[39m 
2024-03-30 13:56:35 [backend] [32minfo[39m: [32mUser already exists for id: user_2dZRXmnT3u8KM7WqM7ZyZL0FcLm[39m 
2024-03-30 13:57:03 [backend] [32minfo[39m: [32mUser already exists for id: user_2dZRXmnT3u8KM7WqM7ZyZL0FcLm[39m 
2024-03-30 13:58:35 [backend] [32minfo[39m: [32mUser already exists for id: user_2dZRXmnT3u8KM7WqM7ZyZL0FcLm[39m 
2024-03-30 13:58:36 [backend] [32minfo[39m: [32mUser already exists for id: user_2dZRXmnT3u8KM7WqM7ZyZL0FcLm[39m 
2024-03-30 13:58:36 [backend] [32minfo[39m: [32mUser already exists for id: user_2dZRXmnT3u8KM7WqM7ZyZL0FcLm[39m 
2024-03-30 13:58:37 [backend] [32minfo[39m: [32mUser already exists for id: user_2dZRXmnT3u8KM7WqM7ZyZL0FcLm[39m 
2024-03-30 13:58:45 [backend] [32minfo[39m: [32mUser already exists for id: user_2dZRXmnT3u8KM7WqM7ZyZL0FcLm[39m 
2024-03-30 13:58:50 [backend] [32minfo[39m: [32mUser already exists for id: user_2dZRXmnT3u8KM7WqM7ZyZL0FcLm[39m 
2024-03-30 13:59:07 [backend] [32minfo[39m: [32mUser already exists for id: user_2dZRXmnT3u8KM7WqM7ZyZL0FcLm[39m 
2024-03-30 14:00:39 [backend] [32minfo[39m: [32mUser already exists for id: user_2dZRXmnT3u8KM7WqM7ZyZL0FcLm[39m 
2024-03-30 14:00:43 [backend] [32minfo[39m: [32mUser already exists for id: user_2dZRXmnT3u8KM7WqM7ZyZL0FcLm[39m 
2024-03-30 14:02:29 [backend] [32minfo[39m: [32mUser already exists for id: user_2dZRXmnT3u8KM7WqM7ZyZL0FcLm[39m 
2024-03-30 14:02:29 [backend] [32minfo[39m: [32mUser already exists for id: user_2dZRXmnT3u8KM7WqM7ZyZL0FcLm[39m 
2024-03-30 14:02:30 [backend] [32minfo[39m: [32mUser already exists for id: user_2dZRXmnT3u8KM7WqM7ZyZL0FcLm[39m 
2024-03-30 14:02:30 [backend] [32minfo[39m: [32mUser already exists for id: user_2dZRXmnT3u8KM7WqM7ZyZL0FcLm[39m 
2024-03-30 14:03:23 [backend] [32minfo[39m: [32mUser already exists for id: user_2dZRXmnT3u8KM7WqM7ZyZL0FcLm[39m 
2024-03-30 14:03:30 [backend] [32minfo[39m: [32mUser already exists for id: user_2dZRXmnT3u8KM7WqM7ZyZL0FcLm[39m 
2024-03-30 14:03:44 [backend] [32minfo[39m: [32mUser already exists for id: user_2dZRXmnT3u8KM7WqM7ZyZL0FcLm[39m 
2024-03-30 14:03:57 [backend] [32minfo[39m: [32mUser already exists for id: user_2dZRXmnT3u8KM7WqM7ZyZL0FcLm[39m 
2024-03-30 14:04:01 [backend] [32minfo[39m: [32mUser already exists for id: user_2dZRXmnT3u8KM7WqM7ZyZL0FcLm[39m 
2024-03-30 14:06:14 [backend] [32minfo[39m: [32mUser already exists for id: user_2dZRXmnT3u8KM7WqM7ZyZL0FcLm[39m 
2024-03-30 14:06:15 [backend] [32minfo[39m: [32mUser already exists for id: user_2dZRXmnT3u8KM7WqM7ZyZL0FcLm[39m 
2024-03-30 14:06:15 [backend] [32minfo[39m: [32mUser already exists for id: user_2dZRXmnT3u8KM7WqM7ZyZL0FcLm[39m 
2024-03-30 14:06:15 [backend] [32minfo[39m: [32mUser already exists for id: user_2dZRXmnT3u8KM7WqM7ZyZL0FcLm[39m 
2024-03-30 14:06:16 [backend] [32minfo[39m: [32mUser already exists for id: user_2dZRXmnT3u8KM7WqM7ZyZL0FcLm[39m 
2024-03-30 14:06:43 [backend] [32minfo[39m: [32mUser already exists for id: user_2dZRXmnT3u8KM7WqM7ZyZL0FcLm[39m 
2024-03-30 14:07:04 [backend] [32minfo[39m: [32mUser already exists for id: user_2dZRXmnT3u8KM7WqM7ZyZL0FcLm[39m 
2024-03-30 14:07:54 [backend] [32minfo[39m: [32mUser already exists for id: user_2dZRXmnT3u8KM7WqM7ZyZL0FcLm[39m 
2024-03-30 14:08:16 [backend] [32minfo[39m: [32mUser already exists for id: user_2dZRXmnT3u8KM7WqM7ZyZL0FcLm[39m 
2024-03-30 14:08:17 [backend] [32minfo[39m: [32mUser already exists for id: user_2dZRXmnT3u8KM7WqM7ZyZL0FcLm[39m 
2024-03-30 14:08:18 [backend] [32minfo[39m: [32mUser already exists for id: user_2dZRXmnT3u8KM7WqM7ZyZL0FcLm[39m 
2024-03-30 14:08:18 [backend] [32minfo[39m: [32mUser already exists for id: user_2dZRXmnT3u8KM7WqM7ZyZL0FcLm[39m 
2024-03-30 14:08:41 [backend] [32minfo[39m: [32mUser already exists for id: user_2dZRXmnT3u8KM7WqM7ZyZL0FcLm[39m 
2024-03-30 14:08:51 [backend] [32minfo[39m: [32mUser already exists for id: user_2dZRXmnT3u8KM7WqM7ZyZL0FcLm[39m 
2024-03-30 14:08:52 [backend] [32minfo[39m: [32mUser already exists for id: user_2dZRXmnT3u8KM7WqM7ZyZL0FcLm[39m 
2024-03-30 14:08:52 [backend] [32minfo[39m: [32mUser already exists for id: user_2dZRXmnT3u8KM7WqM7ZyZL0FcLm[39m 
2024-03-30 14:09:27 [backend] [32minfo[39m: [32mUser already exists for id: user_2dZRXmnT3u8KM7WqM7ZyZL0FcLm[39m 
2024-03-30 14:09:35 [backend] [32minfo[39m: [32mUser already exists for id: user_2dZRXmnT3u8KM7WqM7ZyZL0FcLm[39m 
2024-03-30 14:09:35 [backend] [32minfo[39m: [32mUser already exists for id: user_2dZRXmnT3u8KM7WqM7ZyZL0FcLm[39m 
2024-03-30 14:09:36 [backend] [32minfo[39m: [32mUser already exists for id: user_2dZRXmnT3u8KM7WqM7ZyZL0FcLm[39m 
2024-03-30 14:09:59 [backend] [32minfo[39m: [32mUser already exists for id: user_2dZRXmnT3u8KM7WqM7ZyZL0FcLm[39m 
2024-03-30 14:10:08 [backend] [32minfo[39m: [32mUser already exists for id: user_2dZRXmnT3u8KM7WqM7ZyZL0FcLm[39m 
2024-03-30 14:13:15 [backend] [32minfo[39m: [32mUser already exists for id: user_2dZRXmnT3u8KM7WqM7ZyZL0FcLm[39m 
2024-03-30 14:13:16 [backend] [32minfo[39m: [32mUser already exists for id: user_2dZRXmnT3u8KM7WqM7ZyZL0FcLm[39m 
2024-03-30 14:13:17 [backend] [32minfo[39m: [32mUser already exists for id: user_2dZRXmnT3u8KM7WqM7ZyZL0FcLm[39m 
2024-03-30 14:13:17 [backend] [32minfo[39m: [32mUser already exists for id: user_2dZRXmnT3u8KM7WqM7ZyZL0FcLm[39m 
2024-03-30 14:13:28 [backend] [32minfo[39m: [32mUser already exists for id: user_2dZRXmnT3u8KM7WqM7ZyZL0FcLm[39m 
2024-03-30 14:13:36 [backend] [32minfo[39m: [32mUser already exists for id: user_2dZRXmnT3u8KM7WqM7ZyZL0FcLm[39m 
2024-03-30 14:13:36 [backend] [32minfo[39m: [32mUser already exists for id: user_2dZRXmnT3u8KM7WqM7ZyZL0FcLm[39m 
2024-03-30 14:13:37 [backend] [32minfo[39m: [32mUser already exists for id: user_2dZRXmnT3u8KM7WqM7ZyZL0FcLm[39m 
2024-03-30 14:14:36 [backend] [32minfo[39m: [32mUser already exists for id: user_2dZRXmnT3u8KM7WqM7ZyZL0FcLm[39m 
2024-03-30 14:14:39 [backend] [32minfo[39m: [32mUser already exists for id: user_2dZRXmnT3u8KM7WqM7ZyZL0FcLm[39m 
2024-03-30 14:14:54 [backend] [32minfo[39m: [32mUser already exists for id: user_2dZRXmnT3u8KM7WqM7ZyZL0FcLm[39m 
2024-03-30 14:14:55 [backend] [32minfo[39m: [32mUser already exists for id: user_2dZRXmnT3u8KM7WqM7ZyZL0FcLm[39m 
2024-03-30 14:14:56 [backend] [32minfo[39m: [32mUser already exists for id: user_2dZRXmnT3u8KM7WqM7ZyZL0FcLm[39m 
2024-03-30 14:14:56 [backend] [32minfo[39m: [32mUser already exists for id: user_2dZRXmnT3u8KM7WqM7ZyZL0FcLm[39m 
2024-03-30 14:16:07 [backend] [32minfo[39m: [32mUser already exists for id: user_2dZRXmnT3u8KM7WqM7ZyZL0FcLm[39m 
2024-03-30 14:16:07 [backend] [32minfo[39m: [32mUser already exists for id: user_2dZRXmnT3u8KM7WqM7ZyZL0FcLm[39m 
2024-03-30 14:16:08 [backend] [32minfo[39m: [32mUser already exists for id: user_2dZRXmnT3u8KM7WqM7ZyZL0FcLm[39m 
2024-03-30 14:16:52 [backend] [32minfo[39m: [32mUser already exists for id: user_2dZRXmnT3u8KM7WqM7ZyZL0FcLm[39m 
2024-03-30 14:17:05 [backend] [32minfo[39m: [32mUser already exists for id: user_2dZRXmnT3u8KM7WqM7ZyZL0FcLm[39m 
2024-03-30 14:17:06 [backend] [32minfo[39m: [32mUser already exists for id: user_2dZRXmnT3u8KM7WqM7ZyZL0FcLm[39m 
2024-03-30 14:18:41 [backend] [32minfo[39m: [32mUser already exists for id: user_2dZRXmnT3u8KM7WqM7ZyZL0FcLm[39m 
2024-03-30 14:18:41 [backend] [32minfo[39m: [32mUser already exists for id: user_2dZRXmnT3u8KM7WqM7ZyZL0FcLm[39m 
2024-03-30 14:18:42 [backend] [32minfo[39m: [32mUser already exists for id: user_2dZRXmnT3u8KM7WqM7ZyZL0FcLm[39m 
2024-03-30 14:20:52 [backend] [32minfo[39m: [32mUser already exists for id: user_2dZRXmnT3u8KM7WqM7ZyZL0FcLm[39m 
2024-03-30 14:20:52 [backend] [32minfo[39m: [32mUser already exists for id: user_2dZRXmnT3u8KM7WqM7ZyZL0FcLm[39m 
2024-03-30 14:20:52 [backend] [32minfo[39m: [32mUser already exists for id: user_2dZRXmnT3u8KM7WqM7ZyZL0FcLm[39m 
2024-03-30 14:21:08 [backend] [32minfo[39m: [32mUser already exists for id: user_2dZRXmnT3u8KM7WqM7ZyZL0FcLm[39m 
2024-03-30 14:21:08 [backend] [32minfo[39m: [32mUser already exists for id: user_2dZRXmnT3u8KM7WqM7ZyZL0FcLm[39m 
2024-03-30 14:21:09 [backend] [32minfo[39m: [32mUser already exists for id: user_2dZRXmnT3u8KM7WqM7ZyZL0FcLm[39m 
2024-03-30 14:23:02 [backend] [32minfo[39m: [32mUser already exists for id: user_2dZRXmnT3u8KM7WqM7ZyZL0FcLm[39m 
2024-03-30 14:23:03 [backend] [32minfo[39m: [32mUser already exists for id: user_2dZRXmnT3u8KM7WqM7ZyZL0FcLm[39m 
2024-03-30 14:23:13 [backend] [32minfo[39m: [32mUser already exists for id: user_2dZRXmnT3u8KM7WqM7ZyZL0FcLm[39m 
2024-03-30 14:23:14 [backend] [32minfo[39m: [32mUser already exists for id: user_2dZRXmnT3u8KM7WqM7ZyZL0FcLm[39m 
2024-03-30 14:23:14 [backend] [32minfo[39m: [32mUser already exists for id: user_2dZRXmnT3u8KM7WqM7ZyZL0FcLm[39m 
2024-03-30 14:23:53 [backend] [32minfo[39m: [32mUser already exists for id: user_2dZRXmnT3u8KM7WqM7ZyZL0FcLm[39m 
2024-03-30 14:23:54 [backend] [32minfo[39m: [32mUser already exists for id: user_2dZRXmnT3u8KM7WqM7ZyZL0FcLm[39m 
2024-03-30 14:23:54 [backend] [32minfo[39m: [32mUser already exists for id: user_2dZRXmnT3u8KM7WqM7ZyZL0FcLm[39m 
2024-03-30 14:25:43 [backend] [32minfo[39m: [32mUser already exists for id: user_2dZRXmnT3u8KM7WqM7ZyZL0FcLm[39m 
2024-03-30 14:25:43 [backend] [32minfo[39m: [32mUser already exists for id: user_2dZRXmnT3u8KM7WqM7ZyZL0FcLm[39m 
2024-03-30 14:25:57 [backend] [32minfo[39m: [32mUser already exists for id: user_2dZRXmnT3u8KM7WqM7ZyZL0FcLm[39m 
2024-03-30 14:25:59 [backend] [32minfo[39m: [32mUser already exists for id: user_2dZRXmnT3u8KM7WqM7ZyZL0FcLm[39m 
2024-03-30 14:26:00 [backend] [32minfo[39m: [32mUser already exists for id: user_2dZRXmnT3u8KM7WqM7ZyZL0FcLm[39m 
2024-03-30 14:26:12 [backend] [32minfo[39m: [32mUser already exists for id: user_2dZRXmnT3u8KM7WqM7ZyZL0FcLm[39m 
2024-03-30 14:26:13 [backend] [32minfo[39m: [32mUser already exists for id: user_2dZRXmnT3u8KM7WqM7ZyZL0FcLm[39m 
2024-03-30 14:26:13 [backend] [32minfo[39m: [32mUser already exists for id: user_2dZRXmnT3u8KM7WqM7ZyZL0FcLm[39m 
2024-03-30 14:27:13 [backend] [32minfo[39m: [32mUser already exists for id: user_2dZRXmnT3u8KM7WqM7ZyZL0FcLm[39m 
2024-03-30 14:27:14 [backend] [32minfo[39m: [32mUser already exists for id: user_2dZRXmnT3u8KM7WqM7ZyZL0FcLm[39m 
2024-03-30 14:27:15 [backend] [32minfo[39m: [32mUser already exists for id: user_2dZRXmnT3u8KM7WqM7ZyZL0FcLm[39m 
2024-03-30 14:27:32 [backend] [32minfo[39m: [32mUser already exists for id: user_2dZRXmnT3u8KM7WqM7ZyZL0FcLm[39m 
2024-03-30 14:27:33 [backend] [32minfo[39m: [32mUser already exists for id: user_2dZRXmnT3u8KM7WqM7ZyZL0FcLm[39m 
2024-03-30 14:27:38 [backend] [32minfo[39m: [32mUser already exists for id: user_2dZRXmnT3u8KM7WqM7ZyZL0FcLm[39m 
2024-03-30 14:27:38 [backend] [32minfo[39m: [32mUser already exists for id: user_2dZRXmnT3u8KM7WqM7ZyZL0FcLm[39m 
2024-03-30 14:27:39 [backend] [32minfo[39m: [32mUser already exists for id: user_2dZRXmnT3u8KM7WqM7ZyZL0FcLm[39m 
2024-03-30 14:28:00 [backend] [32minfo[39m: [32mUser already exists for id: user_2dZRXmnT3u8KM7WqM7ZyZL0FcLm[39m 
2024-03-30 14:28:00 [backend] [32minfo[39m: [32mUser already exists for id: user_2dZRXmnT3u8KM7WqM7ZyZL0FcLm[39m 
2024-03-30 14:28:01 [backend] [32minfo[39m: [32mUser already exists for id: user_2dZRXmnT3u8KM7WqM7ZyZL0FcLm[39m 
2024-03-30 14:32:19 [backend] [32minfo[39m: [32mUser already exists for id: user_2dZRXmnT3u8KM7WqM7ZyZL0FcLm[39m 
2024-03-30 14:32:20 [backend] [32minfo[39m: [32mUser already exists for id: user_2dZRXmnT3u8KM7WqM7ZyZL0FcLm[39m 
2024-03-30 14:32:24 [backend] [32minfo[39m: [32mUser already exists for id: user_2dZRXmnT3u8KM7WqM7ZyZL0FcLm[39m 
2024-03-30 14:32:24 [backend] [32minfo[39m: [32mUser already exists for id: user_2dZRXmnT3u8KM7WqM7ZyZL0FcLm[39m 
2024-03-30 14:32:48 [backend] [32minfo[39m: [32mUser already exists for id: user_2dZRXmnT3u8KM7WqM7ZyZL0FcLm[39m 
2024-03-30 14:32:49 [backend] [32minfo[39m: [32mUser already exists for id: user_2dZRXmnT3u8KM7WqM7ZyZL0FcLm[39m 
2024-03-30 14:32:50 [backend] [32minfo[39m: [32mUser already exists for id: user_2dZRXmnT3u8KM7WqM7ZyZL0FcLm[39m 
2024-03-30 14:33:23 [backend] [31merror[39m: [31mcurrentDayContributionResult is not defined[39m 
2024-03-30 14:33:40 [backend] [32minfo[39m: [32mUser already exists for id: user_2dZRXmnT3u8KM7WqM7ZyZL0FcLm[39m 
2024-03-30 14:33:48 [backend] [32minfo[39m: [32mUser already exists for id: user_2dZRXmnT3u8KM7WqM7ZyZL0FcLm[39m 
2024-03-30 14:33:49 [backend] [32minfo[39m: [32mUser already exists for id: user_2dZRXmnT3u8KM7WqM7ZyZL0FcLm[39m 
2024-03-30 14:33:49 [backend] [32minfo[39m: [32mUser already exists for id: user_2dZRXmnT3u8KM7WqM7ZyZL0FcLm[39m 
2024-03-30 14:35:20 [backend] [32minfo[39m: [32mUser already exists for id: user_2dZRXmnT3u8KM7WqM7ZyZL0FcLm[39m 
2024-03-30 14:35:21 [backend] [32minfo[39m: [32mUser already exists for id: user_2dZRXmnT3u8KM7WqM7ZyZL0FcLm[39m 
2024-03-30 14:35:21 [backend] [32minfo[39m: [32mUser already exists for id: user_2dZRXmnT3u8KM7WqM7ZyZL0FcLm[39m 
2024-03-30 14:37:01 [backend] [32minfo[39m: [32mUser already exists for id: user_2dZRXmnT3u8KM7WqM7ZyZL0FcLm[39m 
2024-03-30 14:37:02 [backend] [32minfo[39m: [32mUser already exists for id: user_2dZRXmnT3u8KM7WqM7ZyZL0FcLm[39m 
2024-03-30 14:37:03 [backend] [32minfo[39m: [32mUser already exists for id: user_2dZRXmnT3u8KM7WqM7ZyZL0FcLm[39m 
2024-03-30 14:37:37 [backend] [32minfo[39m: [32mUser already exists for id: user_2dZRXmnT3u8KM7WqM7ZyZL0FcLm[39m 
2024-03-30 14:37:38 [backend] [32minfo[39m: [32mUser already exists for id: user_2dZRXmnT3u8KM7WqM7ZyZL0FcLm[39m 
2024-03-30 14:37:38 [backend] [32minfo[39m: [32mUser already exists for id: user_2dZRXmnT3u8KM7WqM7ZyZL0FcLm[39m 
2024-03-30 14:42:36 [backend] [31merror[39m: [31mupdateOne is not defined[39m 
2024-03-30 14:42:44 [backend] [32minfo[39m: [32mUser already exists for id: user_2dZRXmnT3u8KM7WqM7ZyZL0FcLm[39m 
2024-03-30 14:42:45 [backend] [32minfo[39m: [32mUser already exists for id: user_2dZRXmnT3u8KM7WqM7ZyZL0FcLm[39m 
2024-03-30 14:42:45 [backend] [32minfo[39m: [32mUser already exists for id: user_2dZRXmnT3u8KM7WqM7ZyZL0FcLm[39m 
2024-03-30 14:46:35 [backend] [31merror[39m: [31mnewContribution is not defined[39m 
2024-03-30 14:46:36 [backend] [32minfo[39m: [32mUser already exists for id: user_2dZRXmnT3u8KM7WqM7ZyZL0FcLm[39m 
2024-03-30 14:46:37 [backend] [32minfo[39m: [32mUser already exists for id: user_2dZRXmnT3u8KM7WqM7ZyZL0FcLm[39m 
2024-03-30 14:47:18 [backend] [32minfo[39m: [32mUser already exists for id: user_2dZRXmnT3u8KM7WqM7ZyZL0FcLm[39m 
2024-03-30 14:47:25 [backend] [32minfo[39m: [32mUser already exists for id: user_2dZRXmnT3u8KM7WqM7ZyZL0FcLm[39m 
2024-03-30 14:47:32 [backend] [32minfo[39m: [32mUser already exists for id: user_2dZRXmnT3u8KM7WqM7ZyZL0FcLm[39m 
2024-03-30 14:47:37 [backend] [32minfo[39m: [32mUser already exists for id: user_2dZRXmnT3u8KM7WqM7ZyZL0FcLm[39m 
2024-03-30 14:47:38 [backend] [32minfo[39m: [32mUser already exists for id: user_2dZRXmnT3u8KM7WqM7ZyZL0FcLm[39m 
2024-03-30 14:47:46 [backend] [31merror[39m: [31mnewContribution is not defined[39m 
2024-03-30 14:48:29 [backend] [32minfo[39m: [32mUser already exists for id: user_2dZRXmnT3u8KM7WqM7ZyZL0FcLm[39m 
2024-03-30 14:49:16 [backend] [32minfo[39m: [32mUser already exists for id: user_2dZRXmnT3u8KM7WqM7ZyZL0FcLm[39m 
2024-03-30 14:49:17 [backend] [32minfo[39m: [32mUser already exists for id: user_2dZRXmnT3u8KM7WqM7ZyZL0FcLm[39m 
2024-03-30 14:49:18 [backend] [32minfo[39m: [32mUser already exists for id: user_2dZRXmnT3u8KM7WqM7ZyZL0FcLm[39m 
2024-03-30 14:49:18 [backend] [32minfo[39m: [32mUser already exists for id: user_2dZRXmnT3u8KM7WqM7ZyZL0FcLm[39m 
2024-03-30 14:50:00 [backend] [32minfo[39m: [32mUser already exists for id: user_2dZRXmnT3u8KM7WqM7ZyZL0FcLm[39m 
2024-03-30 14:50:02 [backend] [32minfo[39m: [32mUser already exists for id: user_2dZRXmnT3u8KM7WqM7ZyZL0FcLm[39m 
2024-03-30 14:52:39 [backend] [32minfo[39m: [32mUser already exists for id: user_2dZRXmnT3u8KM7WqM7ZyZL0FcLm[39m 
2024-03-30 14:52:48 [backend] [32minfo[39m: [32mUser already exists for id: user_2dZRXmnT3u8KM7WqM7ZyZL0FcLm[39m 
2024-03-30 14:52:59 [backend] [32minfo[39m: [32mUser already exists for id: user_2dZRXmnT3u8KM7WqM7ZyZL0FcLm[39m 
2024-03-30 14:53:17 [backend] [31merror[39m: [31mupdate is not defined[39m 
2024-03-30 14:54:03 [backend] [32minfo[39m: [32mUser already exists for id: user_2dZRXmnT3u8KM7WqM7ZyZL0FcLm[39m 
2024-03-30 14:55:32 [backend] [32minfo[39m: [32mUser already exists for id: user_2dZRXmnT3u8KM7WqM7ZyZL0FcLm[39m 
2024-03-30 14:56:14 [backend] [32minfo[39m: [32mUser already exists for id: user_2dZRXmnT3u8KM7WqM7ZyZL0FcLm[39m 
2024-03-30 14:56:17 [backend] [32minfo[39m: [32mUser already exists for id: user_2dZRXmnT3u8KM7WqM7ZyZL0FcLm[39m 
2024-03-30 14:57:04 [backend] [32minfo[39m: [32mUser already exists for id: user_2dZRXmnT3u8KM7WqM7ZyZL0FcLm[39m 
2024-03-30 15:00:23 [backend] [32minfo[39m: [32mUser already exists for id: user_2dZRXmnT3u8KM7WqM7ZyZL0FcLm[39m 
2024-03-30 15:00:24 [backend] [32minfo[39m: [32mUser already exists for id: user_2dZRXmnT3u8KM7WqM7ZyZL0FcLm[39m 
2024-03-30 15:00:24 [backend] [32minfo[39m: [32mUser already exists for id: user_2dZRXmnT3u8KM7WqM7ZyZL0FcLm[39m 
2024-03-30 15:00:51 [backend] [32minfo[39m: [32mUser already exists for id: user_2dZRXmnT3u8KM7WqM7ZyZL0FcLm[39m 
2024-03-30 15:00:58 [backend] [32minfo[39m: [32mUser already exists for id: user_2dZRXmnT3u8KM7WqM7ZyZL0FcLm[39m 
2024-03-30 15:00:59 [backend] [32minfo[39m: [32mUser already exists for id: user_2dZRXmnT3u8KM7WqM7ZyZL0FcLm[39m 
2024-03-30 15:00:59 [backend] [32minfo[39m: [32mUser already exists for id: user_2dZRXmnT3u8KM7WqM7ZyZL0FcLm[39m 
2024-03-30 15:01:05 [backend] [32minfo[39m: [32mUser already exists for id: user_2dZRXmnT3u8KM7WqM7ZyZL0FcLm[39m 
2024-03-30 15:02:53 [backend] [32minfo[39m: [32mUser already exists for id: user_2dZRXmnT3u8KM7WqM7ZyZL0FcLm[39m 
2024-03-30 15:06:01 [backend] [32minfo[39m: [32mUser already exists for id: user_2dZRXmnT3u8KM7WqM7ZyZL0FcLm[39m 
2024-03-30 15:06:02 [backend] [32minfo[39m: [32mUser already exists for id: user_2dZRXmnT3u8KM7WqM7ZyZL0FcLm[39m 
2024-03-30 15:06:03 [backend] [32minfo[39m: [32mUser already exists for id: user_2dZRXmnT3u8KM7WqM7ZyZL0FcLm[39m 
2024-03-30 15:06:13 [backend] [32minfo[39m: [32mUser already exists for id: user_2dZRXmnT3u8KM7WqM7ZyZL0FcLm[39m 
2024-03-30 15:06:26 [backend] [32minfo[39m: [32mUser already exists for id: user_2dZRXmnT3u8KM7WqM7ZyZL0FcLm[39m 
2024-03-30 15:09:03 [backend] [32minfo[39m: [32mUser already exists for id: user_2dZRXmnT3u8KM7WqM7ZyZL0FcLm[39m 
2024-03-30 15:09:03 [backend] [32minfo[39m: [32mUser already exists for id: user_2dZRXmnT3u8KM7WqM7ZyZL0FcLm[39m 
2024-03-30 15:09:04 [backend] [32minfo[39m: [32mUser already exists for id: user_2dZRXmnT3u8KM7WqM7ZyZL0FcLm[39m 
2024-03-30 15:09:18 [backend] [32minfo[39m: [32mUser already exists for id: user_2dZRXmnT3u8KM7WqM7ZyZL0FcLm[39m 
2024-03-30 15:09:19 [backend] [32minfo[39m: [32mUser already exists for id: user_2dZRXmnT3u8KM7WqM7ZyZL0FcLm[39m 
2024-03-30 15:09:19 [backend] [32minfo[39m: [32mUser already exists for id: user_2dZRXmnT3u8KM7WqM7ZyZL0FcLm[39m 
2024-03-30 15:09:31 [backend] [32minfo[39m: [32mUser already exists for id: user_2dZRXmnT3u8KM7WqM7ZyZL0FcLm[39m 
2024-03-30 15:09:32 [backend] [32minfo[39m: [32mUser already exists for id: user_2dZRXmnT3u8KM7WqM7ZyZL0FcLm[39m 
2024-03-30 15:09:32 [backend] [32minfo[39m: [32mUser already exists for id: user_2dZRXmnT3u8KM7WqM7ZyZL0FcLm[39m 
2024-03-30 15:09:44 [backend] [32minfo[39m: [32mUser already exists for id: user_2dZRXmnT3u8KM7WqM7ZyZL0FcLm[39m 
2024-03-30 15:09:45 [backend] [32minfo[39m: [32mUser already exists for id: user_2dZRXmnT3u8KM7WqM7ZyZL0FcLm[39m 
2024-03-30 15:09:45 [backend] [32minfo[39m: [32mUser already exists for id: user_2dZRXmnT3u8KM7WqM7ZyZL0FcLm[39m 
2024-03-30 16:06:44 [backend] [32minfo[39m: [32mUser already exists for id: user_2dZRXmnT3u8KM7WqM7ZyZL0FcLm[39m 
2024-03-30 16:06:44 [backend] [32minfo[39m: [32mUser already exists for id: user_2dZRXmnT3u8KM7WqM7ZyZL0FcLm[39m 
2024-03-30 16:06:45 [backend] [32minfo[39m: [32mUser already exists for id: user_2dZRXmnT3u8KM7WqM7ZyZL0FcLm[39m 
2024-03-30 16:06:53 [backend] [32minfo[39m: [32mUser already exists for id: user_2dZRXmnT3u8KM7WqM7ZyZL0FcLm[39m 
2024-03-30 16:07:19 [backend] [32minfo[39m: [32mUser already exists for id: user_2dZRXmnT3u8KM7WqM7ZyZL0FcLm[39m 
2024-03-30 16:07:20 [backend] [32minfo[39m: [32mUser already exists for id: user_2dZRXmnT3u8KM7WqM7ZyZL0FcLm[39m 
2024-03-30 16:07:20 [backend] [32minfo[39m: [32mUser already exists for id: user_2dZRXmnT3u8KM7WqM7ZyZL0FcLm[39m 
2024-03-30 16:07:47 [backend] [32minfo[39m: [32mUser already exists for id: user_2dZRXmnT3u8KM7WqM7ZyZL0FcLm[39m 
2024-03-30 16:07:47 [backend] [32minfo[39m: [32mUser already exists for id: user_2dZRXmnT3u8KM7WqM7ZyZL0FcLm[39m 
2024-03-30 16:07:48 [backend] [32minfo[39m: [32mUser already exists for id: user_2dZRXmnT3u8KM7WqM7ZyZL0FcLm[39m 
2024-03-30 16:07:56 [backend] [32minfo[39m: [32mUser already exists for id: user_2dZRXmnT3u8KM7WqM7ZyZL0FcLm[39m 
2024-03-30 16:09:22 [backend] [32minfo[39m: [32mUser already exists for id: user_2dZRXmnT3u8KM7WqM7ZyZL0FcLm[39m 
2024-03-30 16:09:23 [backend] [32minfo[39m: [32mUser already exists for id: user_2dZRXmnT3u8KM7WqM7ZyZL0FcLm[39m 
2024-03-30 16:09:23 [backend] [32minfo[39m: [32mUser already exists for id: user_2dZRXmnT3u8KM7WqM7ZyZL0FcLm[39m 
2024-03-30 16:09:47 [backend] [32minfo[39m: [32mUser already exists for id: user_2dZRXmnT3u8KM7WqM7ZyZL0FcLm[39m 
2024-03-30 16:09:49 [backend] [32minfo[39m: [32mUser already exists for id: user_2dZRXmnT3u8KM7WqM7ZyZL0FcLm[39m 
2024-03-30 16:10:06 [backend] [32minfo[39m: [32mUser already exists for id: user_2dZRXmnT3u8KM7WqM7ZyZL0FcLm[39m 
2024-03-30 16:10:18 [backend] [32minfo[39m: [32mUser already exists for id: user_2dZRXmnT3u8KM7WqM7ZyZL0FcLm[39m 
2024-03-30 16:10:24 [backend] [32minfo[39m: [32mUser already exists for id: user_2dZRXmnT3u8KM7WqM7ZyZL0FcLm[39m 
2024-03-30 16:10:31 [backend] [32minfo[39m: [32mUser already exists for id: user_2dZRXmnT3u8KM7WqM7ZyZL0FcLm[39m 
2024-03-30 16:11:25 [backend] [32minfo[39m: [32mUser already exists for id: user_2dZRXmnT3u8KM7WqM7ZyZL0FcLm[39m 
2024-03-30 16:11:31 [backend] [32minfo[39m: [32mUser already exists for id: user_2dZRXmnT3u8KM7WqM7ZyZL0FcLm[39m 
