2024-03-30 13:44:36 [backend] [31merror[39m: [31mError while fetching contributions[39m 
2024-03-30 13:44:36 [backend] [31merror[39m: [31mError while fetching contributions[39m 
2024-03-30 13:44:36 [backend] [31merror[39m: [31mError while fetching contributions[39m 
2024-03-30 13:44:36 [backend] [31merror[39m: [31mError while fetching contributions[39m 
2024-03-30 13:44:36 [backend] [31merror[39m: [31mError while fetching contributions[39m 
2024-03-30 13:44:36 [backend] [31merror[39m: [31mError while fetching contributions[39m 
2024-03-30 13:44:36 [backend] [31merror[39m: [31mError while fetching contributions[39m 
2024-03-30 13:44:36 [backend] [31merror[39m: [31mError while fetching contributions[39m 
2024-03-30 13:44:36 [backend] [31merror[39m: [31mError while fetching contributions[39m 
2024-03-30 13:44:44 [backend] [31merror[39m: [31mError while fetching contributions[39m 
2024-03-30 13:44:44 [backend] [31merror[39m: [31mError while fetching contributions[39m 
2024-03-30 13:44:44 [backend] [31merror[39m: [31mError while fetching contributions[39m 
2024-03-30 13:44:44 [backend] [31merror[39m: [31mError while fetching contributions[39m 
2024-03-30 13:44:44 [backend] [31merror[39m: [31mError while fetching contributions[39m 
2024-03-30 13:44:44 [backend] [31merror[39m: [31mError while fetching contributions[39m 
2024-03-30 13:44:44 [backend] [31merror[39m: [31mError while fetching contributions[39m 
2024-03-30 13:44:44 [backend] [31merror[39m: [31mError while fetching contributions[39m 
2024-03-30 13:44:44 [backend] [31merror[39m: [31mError while fetching contributions[39m 
2024-03-30 13:44:52 [backend] [31merror[39m: [31mError while fetching contributions[39m 
2024-03-30 13:44:52 [backend] [31merror[39m: [31mError while fetching contributions[39m 
2024-03-30 13:44:52 [backend] [31merror[39m: [31mError while fetching contributions[39m 
2024-03-30 13:44:52 [backend] [31merror[39m: [31mError while fetching contributions[39m 
2024-03-30 13:44:52 [backend] [31merror[39m: [31mError while fetching contributions[39m 
2024-03-30 13:44:52 [backend] [31merror[39m: [31mError while fetching contributions[39m 
2024-03-30 13:44:52 [backend] [31merror[39m: [31mError while fetching contributions[39m 
2024-03-30 13:44:52 [backend] [31merror[39m: [31mError while fetching contributions[39m 
2024-03-30 13:44:52 [backend] [31merror[39m: [31mError while fetching contributions[39m 
2024-03-30 13:45:54 [backend] [31merror[39m: [31mError while fetching contributions[39m 
2024-03-30 13:45:54 [backend] [31merror[39m: [31mError while fetching contributions[39m 
2024-03-30 13:45:54 [backend] [31merror[39m: [31mError while fetching contributions[39m 
2024-03-30 13:45:55 [backend] [31merror[39m: [31mError while fetching contributions[39m 
2024-03-30 13:45:55 [backend] [31merror[39m: [31mError while fetching contributions[39m 
2024-03-30 13:45:55 [backend] [31merror[39m: [31mError while fetching contributions[39m 
2024-03-30 13:45:55 [backend] [31merror[39m: [31mError while fetching contributions[39m 
2024-03-30 13:45:55 [backend] [31merror[39m: [31mError while fetching contributions[39m 
2024-03-30 13:45:55 [backend] [31merror[39m: [31mError while fetching contributions[39m 
2024-03-30 13:50:26 [backend] [31merror[39m: [31mcurrentDayContributionResult is not defined[39m 
2024-03-30 14:33:23 [backend] [31merror[39m: [31mcurrentDayContributionResult is not defined[39m 
2024-03-30 14:42:36 [backend] [31merror[39m: [31mupdateOne is not defined[39m 
2024-03-30 14:46:35 [backend] [31merror[39m: [31mnewContribution is not defined[39m 
2024-03-30 14:47:46 [backend] [31merror[39m: [31mnewContribution is not defined[39m 
2024-03-30 14:53:17 [backend] [31merror[39m: [31mupdate is not defined[39m 
